<?xml version="1.0" encoding="UTF-8"?>
<!-- Generated by org.testng.reporters.JUnitReportReporter -->
<testsuite hostname="DESKTOP-M208CRV" failures="0" tests="1" name="com.AutomationProject.TestNG.Annotations_Precedence" time="0.008" errors="0" timestamp="2021-12-03T10:34:03 IST" skipped="0">
  <testcase classname="com.AutomationProject.TestNG.Annotations_Precedence" name="registrationTest" time="0.008"/>
  <system-out/>
</testsuite> <!-- com.AutomationProject.TestNG.Annotations_Precedence -->
