<?xml version="1.0" encoding="UTF-8"?>
<!-- Generated by org.testng.reporters.JUnitReportReporter -->
<testsuite hostname="DESKTOP-M208CRV" failures="0" tests="1" name="com.AutomationProject.InnerFrames" time="7.384" errors="0" timestamp="2021-12-07T12:29:17 IST" skipped="0">
  <testcase classname="com.AutomationProject.InnerFrames" name="innerFrameTest" time="7.384"/>
  <system-out/>
</testsuite> <!-- com.AutomationProject.InnerFrames -->
