<?xml version="1.0" encoding="UTF-8"?>
<!-- Generated by org.testng.reporters.JUnitReportReporter -->
<testsuite hostname="Mahesh" failures="0" tests="3" name="com.AutomationProject.MukeshOtwaniSelenium.CrossBrowserTest" time="35.728" errors="0" timestamp="2021-12-15T22:14:01 IST" skipped="0">
  <testcase classname="com.AutomationProject.MukeshOtwaniSelenium.CrossBrowserTest" name="verifyPageTitle" time="9.459"/>
  <system-out/>
  <testcase classname="com.AutomationProject.MukeshOtwaniSelenium.CrossBrowserTest" name="verifyPageTitle" time="9.490"/>
  <system-out/>
  <testcase classname="com.AutomationProject.MukeshOtwaniSelenium.CrossBrowserTest" name="verifyPageTitle" time="16.779"/>
  <system-out/>
</testsuite> <!-- com.AutomationProject.MukeshOtwaniSelenium.CrossBrowserTest -->
