<?xml version="1.0" encoding="UTF-8"?>
<!-- Generated by org.testng.reporters.JUnitReportReporter -->
<testsuite hostname="DESKTOP-M208CRV" failures="0" tests="1" name="com.AutomationProject.MultipleDropDowns" time="11.438" errors="0" timestamp="2021-12-07T13:38:47 IST" skipped="0">
  <testcase classname="com.AutomationProject.MultipleDropDowns" name="handleMultipleDropDown" time="11.438"/>
  <system-out/>
</testsuite> <!-- com.AutomationProject.MultipleDropDowns -->
