<?xml version="1.0" encoding="UTF-8"?>
<!-- Generated by org.testng.reporters.JUnitReportReporter -->
<testsuite hostname="DESKTOP-M208CRV" failures="0" tests="1" name="com.AutomationProject.InnerFrames2$InnerFrames" time="6.153" errors="0" timestamp="2021-12-07T12:44:25 IST" skipped="0">
  <testcase classname="com.AutomationProject.InnerFrames2$InnerFrames" name="innerFrameTest2" time="6.153"/>
  <system-out/>
</testsuite> <!-- com.AutomationProject.InnerFrames2$InnerFrames -->
