<?xml version="1.0" encoding="UTF-8"?>
<!-- Generated by org.testng.reporters.JUnitReportReporter -->
<testsuite hostname="DESKTOP-M208CRV" failures="0" tests="1" name="com.AutomationProject.FluentWaitExample" time="8.336" errors="0" timestamp="2021-12-07T08:37:17 IST" skipped="0">
  <testcase classname="com.AutomationProject.FluentWaitExample" name="implicitWait" time="8.336"/>
  <system-out/>
</testsuite> <!-- com.AutomationProject.FluentWaitExample -->
