<?xml version="1.0" encoding="UTF-8"?>
<!-- Generated by org.testng.reporters.JUnitReportReporter -->
<testsuite hostname="DESKTOP-M208CRV" failures="0" tests="1" name="Selenium4Features.ReactMethodConcept" time="7.793" errors="0" timestamp="2021-12-03T14:19:17 IST" skipped="0">
  <testcase classname="Selenium4Features.ReactMethodConcept" name="screenshotTest" time="7.793"/>
  <system-out/>
</testsuite> <!-- Selenium4Features.ReactMethodConcept -->
