<?xml version="1.0" encoding="UTF-8"?>
<!-- Generated by org.testng.reporters.JUnitReportReporter -->
<testsuite hostname="DESKTOP-M208CRV" failures="0" tests="3" name="com.AutomationProject.TestNG.Annotations_Precedence2" time="0.016" errors="0" timestamp="2021-12-03T10:47:02 IST" skipped="0">
  <testcase classname="com.AutomationProject.TestNG.Annotations_Precedence2" name="loginTest" time="0.003"/>
  <system-out/>
  <testcase classname="com.AutomationProject.TestNG.Annotations_Precedence2" name="logoutTest" time="0.004"/>
  <system-out/>
  <testcase classname="com.AutomationProject.TestNG.Annotations_Precedence2" name="homePageTest" time="0.009"/>
  <system-out/>
</testsuite> <!-- com.AutomationProject.TestNG.Annotations_Precedence2 -->
