<?xml version="1.0" encoding="UTF-8"?>
<!-- Generated by org.testng.reporters.JUnitReportReporter -->
<testsuite hostname="DESKTOP-M208CRV" failures="0" tests="3" name="com.AutomationProject.TestNG.PriorityAttributeTest" time="0.022" errors="0" timestamp="2021-12-03T10:56:50 IST" skipped="1">
  <testcase classname="com.AutomationProject.TestNG.PriorityAttributeTest" name="loginTest" time="0.018"/>
  <system-out/>
  <testcase classname="com.AutomationProject.TestNG.PriorityAttributeTest" name="homePageTest" time="0.004"/>
  <system-out/>
  <testcase classname="com.AutomationProject.TestNG.PriorityAttributeTest" name="logoutTest">
    <skipped/>
  </testcase> <!-- logoutTest -->
  <system-out/>
</testsuite> <!-- com.AutomationProject.TestNG.PriorityAttributeTest -->
