<?xml version="1.0" encoding="UTF-8"?>
<!-- Generated by org.testng.reporters.JUnitReportReporter -->
<testsuite hostname="DESKTOP-M208CRV" failures="0" tests="1" name="Selenium4Features.WebElementScreenshot" time="6.826" errors="0" timestamp="2021-12-03T13:48:16 IST" skipped="0">
  <testcase classname="Selenium4Features.WebElementScreenshot" name="screenshotTest" time="6.826"/>
  <system-out/>
</testsuite> <!-- Selenium4Features.WebElementScreenshot -->
