<?xml version="1.0" encoding="UTF-8"?>
<!-- Generated by org.testng.reporters.JUnitReportReporter -->
<testsuite hostname="DESKTOP-M208CRV" failures="0" tests="2" name="CRUD.AddressTest" time="4.319" errors="0" timestamp="2021-12-13T13:21:22 IST" skipped="1">
  <testcase classname="CRUD.AddressTest" name="updateAddressTest" time="4.319"/>
  <system-out/>
  <testcase classname="CRUD.AddressTest" name="createAddressTest">
    <skipped/>
  </testcase> <!-- createAddressTest -->
  <system-out/>
</testsuite> <!-- CRUD.AddressTest -->
