<?xml version="1.0" encoding="UTF-8"?>
<!-- Generated by org.testng.reporters.JUnitReportReporter -->
<testsuite hostname="DESKTOP-M208CRV" failures="0" tests="1" name="com.AutomationProject.HandelDropDown" time="7.091" errors="0" timestamp="2021-12-07T13:12:15 IST" skipped="0">
  <testcase classname="com.AutomationProject.HandelDropDown" name="handleDropDown" time="7.091"/>
  <system-out/>
</testsuite> <!-- com.AutomationProject.HandelDropDown -->
