<?xml version="1.0" encoding="UTF-8"?>
<!-- Generated by org.testng.reporters.JUnitReportReporter -->
<testsuite hostname="DESKTOP-M208CRV" failures="0" tests="1" name="com.AutomationProject.ExplictlyWaitExample" time="7.687" errors="0" timestamp="2021-12-07T08:05:47 IST" skipped="0">
  <testcase classname="com.AutomationProject.ExplictlyWaitExample" name="implicitWait" time="7.687"/>
  <system-out/>
</testsuite> <!-- com.AutomationProject.ExplictlyWaitExample -->
