<?xml version="1.0" encoding="UTF-8"?>
<!-- Generated by org.testng.reporters.JUnitReportReporter -->
<testsuite hostname="DESKTOP-M208CRV" failures="0" tests="1" name="com.AutomationProject.ImplicitlyWaitExample" time="8.853" errors="0" timestamp="2021-12-07T07:38:52 IST" skipped="0">
  <testcase classname="com.AutomationProject.ImplicitlyWaitExample" name="implicitWait" time="8.853"/>
  <system-out/>
</testsuite> <!-- com.AutomationProject.ImplicitlyWaitExample -->
