<?xml version="1.0" encoding="UTF-8"?>
<!-- Generated by org.testng.reporters.JUnitReportReporter -->
<testsuite hostname="DESKTOP-M208CRV" failures="0" tests="1" name="com.AutomationProject.HandleIFrames" time="6.914" errors="0" timestamp="2021-12-07T12:03:09 IST" skipped="0">
  <testcase classname="com.AutomationProject.HandleIFrames" name="handleFrames" time="6.914"/>
  <system-out/>
</testsuite> <!-- com.AutomationProject.HandleIFrames -->
