<?xml version="1.0" encoding="UTF-8"?>
<!-- Generated by org.testng.reporters.JUnitReportReporter -->
<testsuite hostname="DESKTOP-M208CRV" failures="0" tests="1" name="com.AutomationProject.TestNG.DataProviderTest" time="9.362" errors="0" timestamp="2021-12-06T22:56:33 IST" skipped="0">
  <testcase classname="com.AutomationProject.TestNG.DataProviderTest" name="registrationForm" time="9.362"/>
  <system-out/>
</testsuite> <!-- com.AutomationProject.TestNG.DataProviderTest -->
