<?xml version="1.0" encoding="UTF-8"?>
<!-- Generated by org.testng.reporters.JUnitReportReporter -->
<testsuite hostname="DESKTOP-M208CRV" failures="0" tests="1" name="Locators.LocatorsTest" time="6.100" errors="0" timestamp="2021-12-06T09:46:54 IST" skipped="0">
  <testcase classname="Locators.LocatorsTest" name="locatorsTest" time="6.100"/>
  <system-out/>
</testsuite> <!-- Locators.LocatorsTest -->
