<?xml version="1.0" encoding="UTF-8"?>
<!-- Generated by org.testng.reporters.JUnitReportReporter -->
<testsuite hostname="DESKTOP-M208CRV" failures="0" tests="1" name="Selenium4Features.BlankTab" time="5.506" errors="0" timestamp="2021-12-03T14:39:54 IST" skipped="0">
  <testcase classname="Selenium4Features.BlankTab" name="BlankTab" time="5.506"/>
  <system-out/>
</testsuite> <!-- Selenium4Features.BlankTab -->
