<?xml version="1.0" encoding="UTF-8"?>
<!-- Generated by org.testng.reporters.JUnitReportReporter -->
<testsuite hostname="DESKTOP-M208CRV" failures="0" tests="1" name="com.AutomationProject.AppTest" time="0.006" errors="0" timestamp="2021-12-03T10:25:44 IST" skipped="0">
  <testcase classname="com.AutomationProject.AppTest" name="shouldAnswerWithTrue" time="0.006"/>
  <system-out/>
</testsuite> <!-- com.AutomationProject.AppTest -->
